Started GET "/" for 127.0.0.1 at 2017-05-29 15:04:26 +0800
  
ActiveRecord::PendingMigrationError (

Migrations are pending. To resolve this issue, run:

        bin/rails db:migrate RAILS_ENV=development

):
  
activerecord (5.0.3) lib/active_record/migration.rb:573:in `check_pending!'
activerecord (5.0.3) lib/active_record/migration.rb:549:in `call'
actionpack (5.0.3) lib/action_dispatch/middleware/callbacks.rb:38:in `block in call'
activesupport (5.0.3) lib/active_support/callbacks.rb:97:in `__run_callbacks__'
activesupport (5.0.3) lib/active_support/callbacks.rb:750:in `_run_call_callbacks'
activesupport (5.0.3) lib/active_support/callbacks.rb:90:in `run_callbacks'
actionpack (5.0.3) lib/action_dispatch/middleware/callbacks.rb:36:in `call'
actionpack (5.0.3) lib/action_dispatch/middleware/executor.rb:12:in `call'
actionpack (5.0.3) lib/action_dispatch/middleware/remote_ip.rb:79:in `call'
actionpack (5.0.3) lib/action_dispatch/middleware/debug_exceptions.rb:49:in `call'
web-console (3.5.1) lib/web_console/middleware.rb:135:in `call_app'
web-console (3.5.1) lib/web_console/middleware.rb:28:in `block in call'
web-console (3.5.1) lib/web_console/middleware.rb:18:in `catch'
web-console (3.5.1) lib/web_console/middleware.rb:18:in `call'
actionpack (5.0.3) lib/action_dispatch/middleware/show_exceptions.rb:31:in `call'
railties (5.0.3) lib/rails/rack/logger.rb:36:in `call_app'
railties (5.0.3) lib/rails/rack/logger.rb:24:in `block in call'
activesupport (5.0.3) lib/active_support/tagged_logging.rb:69:in `block in tagged'
activesupport (5.0.3) lib/active_support/tagged_logging.rb:26:in `tagged'
activesupport (5.0.3) lib/active_support/tagged_logging.rb:69:in `tagged'
railties (5.0.3) lib/rails/rack/logger.rb:24:in `call'
sprockets-rails (3.2.0) lib/sprockets/rails/quiet_assets.rb:13:in `call'
actionpack (5.0.3) lib/action_dispatch/middleware/request_id.rb:24:in `call'
rack (2.0.3) lib/rack/method_override.rb:22:in `call'
rack (2.0.3) lib/rack/runtime.rb:22:in `call'
activesupport (5.0.3) lib/active_support/cache/strategy/local_cache_middleware.rb:28:in `call'
actionpack (5.0.3) lib/action_dispatch/middleware/executor.rb:12:in `call'
actionpack (5.0.3) lib/action_dispatch/middleware/static.rb:136:in `call'
rack (2.0.3) lib/rack/sendfile.rb:111:in `call'
railties (5.0.3) lib/rails/engine.rb:522:in `call'
puma (3.8.2) lib/puma/configuration.rb:224:in `call'
puma (3.8.2) lib/puma/server.rb:600:in `handle_request'
puma (3.8.2) lib/puma/server.rb:435:in `process_client'
puma (3.8.2) lib/puma/server.rb:299:in `block in run'
puma (3.8.2) lib/puma/thread_pool.rb:120:in `block in spawn_thread'
  Rendering /Users/Deb/.rvm/gems/ruby-2.3.1/gems/actionpack-5.0.3/lib/action_dispatch/middleware/templates/rescues/diagnostics.html.erb within rescues/layout
  Rendering /Users/Deb/.rvm/gems/ruby-2.3.1/gems/actionpack-5.0.3/lib/action_dispatch/middleware/templates/rescues/_source.html.erb
  Rendered /Users/Deb/.rvm/gems/ruby-2.3.1/gems/actionpack-5.0.3/lib/action_dispatch/middleware/templates/rescues/_source.html.erb (6.2ms)
  Rendering /Users/Deb/.rvm/gems/ruby-2.3.1/gems/actionpack-5.0.3/lib/action_dispatch/middleware/templates/rescues/_trace.html.erb
  Rendered /Users/Deb/.rvm/gems/ruby-2.3.1/gems/actionpack-5.0.3/lib/action_dispatch/middleware/templates/rescues/_trace.html.erb (2.5ms)
  Rendering /Users/Deb/.rvm/gems/ruby-2.3.1/gems/actionpack-5.0.3/lib/action_dispatch/middleware/templates/rescues/_request_and_response.html.erb
  Rendered /Users/Deb/.rvm/gems/ruby-2.3.1/gems/actionpack-5.0.3/lib/action_dispatch/middleware/templates/rescues/_request_and_response.html.erb (0.8ms)
  Rendered /Users/Deb/.rvm/gems/ruby-2.3.1/gems/actionpack-5.0.3/lib/action_dispatch/middleware/templates/rescues/diagnostics.html.erb within rescues/layout (131.7ms)
  [1m[35m (3.7ms)[0m  [1m[35mCREATE TABLE "schema_migrations" ("version" varchar NOT NULL PRIMARY KEY)[0m
  [1m[35m (0.8ms)[0m  [1m[35mCREATE TABLE "ar_internal_metadata" ("key" varchar NOT NULL PRIMARY KEY, "value" varchar, "created_at" datetime NOT NULL, "updated_at" datetime NOT NULL)[0m
  [1m[36mActiveRecord::SchemaMigration Load (0.3ms)[0m  [1m[34mSELECT "schema_migrations".* FROM "schema_migrations"[0m
Migrating to CreateOrders (20170527133726)
  [1m[35m (0.1ms)[0m  [1m[36mbegin transaction[0m
  [1m[35m (0.6ms)[0m  [1m[35mCREATE TABLE "orders" ("id" INTEGER PRIMARY KEY AUTOINCREMENT NOT NULL, "receiver" varchar, "phone" varchar, "method" varchar, "pickup_date" date, "pickup_time" time, "address" varchar, "fee" integer, "lala_fee" integer, "note" text, "created_at" datetime NOT NULL, "updated_at" datetime NOT NULL)[0m
  [1m[35mSQL (0.2ms)[0m  [1m[32mINSERT INTO "schema_migrations" ("version") VALUES (?)[0m  [["version", "20170527133726"]]
  [1m[35m (1.0ms)[0m  [1m[36mcommit transaction[0m
Migrating to CreateItems (20170528111358)
  [1m[35m (0.1ms)[0m  [1m[36mbegin transaction[0m
  [1m[35m (0.5ms)[0m  [1m[35mCREATE TABLE "items" ("id" INTEGER PRIMARY KEY AUTOINCREMENT NOT NULL, "product_id" integer, "price" integer, "quantity" integer, "order_id" integer, "created_at" datetime NOT NULL, "updated_at" datetime NOT NULL)[0m
  [1m[35m (0.5ms)[0m  [1m[34mselect sqlite_version(*)[0m
  [1m[35m (0.2ms)[0m  [1m[35mCREATE  INDEX "index_items_on_product_id" ON "items" ("product_id")[0m
  [1m[35m (0.2ms)[0m  [1m[34m            SELECT sql
            FROM sqlite_master
            WHERE name='index_items_on_product_id' AND type='index'
            UNION ALL
            SELECT sql
            FROM sqlite_temp_master
            WHERE name='index_items_on_product_id' AND type='index'
[0m
  [1m[35m (0.1ms)[0m  [1m[35mCREATE  INDEX "index_items_on_order_id" ON "items" ("order_id")[0m
  [1m[35mSQL (0.5ms)[0m  [1m[32mINSERT INTO "schema_migrations" ("version") VALUES (?)[0m  [["version", "20170528111358"]]
  [1m[35m (3.3ms)[0m  [1m[36mcommit transaction[0m
Migrating to CreateProducts (20170528111434)
  [1m[35m (0.1ms)[0m  [1m[36mbegin transaction[0m
  [1m[35m (0.5ms)[0m  [1m[35mCREATE TABLE "products" ("id" INTEGER PRIMARY KEY AUTOINCREMENT NOT NULL, "name_chin" varchar, "name_eng" varchar, "price" integer, "created_at" datetime NOT NULL, "updated_at" datetime NOT NULL)[0m
  [1m[35mSQL (0.4ms)[0m  [1m[32mINSERT INTO "schema_migrations" ("version") VALUES (?)[0m  [["version", "20170528111434"]]
  [1m[35m (1.2ms)[0m  [1m[36mcommit transaction[0m
  [1m[36mActiveRecord::InternalMetadata Load (0.5ms)[0m  [1m[34mSELECT  "ar_internal_metadata".* FROM "ar_internal_metadata" WHERE "ar_internal_metadata"."key" = ? LIMIT ?[0m  [["key", "environment"], ["LIMIT", 1]]
  [1m[35m (0.1ms)[0m  [1m[36mbegin transaction[0m
  [1m[35mSQL (0.3ms)[0m  [1m[32mINSERT INTO "ar_internal_metadata" ("key", "value", "created_at", "updated_at") VALUES (?, ?, ?, ?)[0m  [["key", "environment"], ["value", "development"], ["created_at", "2017-05-29 07:09:56.099127"], ["updated_at", "2017-05-29 07:09:56.099127"]]
  [1m[35m (1.0ms)[0m  [1m[36mcommit transaction[0m
  [1m[36mActiveRecord::SchemaMigration Load (0.3ms)[0m  [1m[34mSELECT "schema_migrations".* FROM "schema_migrations"[0m
  [1m[35m (0.1ms)[0m  [1m[34m            SELECT sql
            FROM sqlite_master
            WHERE name='index_items_on_order_id' AND type='index'
            UNION ALL
            SELECT sql
            FROM sqlite_temp_master
            WHERE name='index_items_on_order_id' AND type='index'
[0m
  [1m[35m (0.1ms)[0m  [1m[34m            SELECT sql
            FROM sqlite_master
            WHERE name='index_items_on_product_id' AND type='index'
            UNION ALL
            SELECT sql
            FROM sqlite_temp_master
            WHERE name='index_items_on_product_id' AND type='index'
[0m
  [1m[36mItem Load (1.3ms)[0m  [1m[34mSELECT "items".* FROM "items"[0m
  [1m[35m (0.1ms)[0m  [1m[36mbegin transaction[0m
  [1m[35m (0.1ms)[0m  [1m[31mrollback transaction[0m
  [1m[35m (0.1ms)[0m  [1m[36mbegin transaction[0m
  [1m[35mSQL (0.4ms)[0m  [1m[32mINSERT INTO "items" ("created_at", "updated_at") VALUES (?, ?)[0m  [["created_at", "2017-05-29 07:12:06.212670"], ["updated_at", "2017-05-29 07:12:06.212670"]]
  [1m[35m (1.5ms)[0m  [1m[36mcommit transaction[0m
  [1m[36mActiveRecord::SchemaMigration Load (0.1ms)[0m  [1m[34mSELECT "schema_migrations".* FROM "schema_migrations"[0m
  [1m[36mActiveRecord::SchemaMigration Load (0.0ms)[0m  [1m[34mSELECT "schema_migrations".* FROM "schema_migrations"[0m
Migrating to CreateProducts (20170528111434)
  [1m[35m (0.1ms)[0m  [1m[36mbegin transaction[0m
  [1m[35m (1.2ms)[0m  [1m[35mDROP TABLE "products"[0m
  [1m[35mSQL (0.2ms)[0m  [1m[31mDELETE FROM "schema_migrations" WHERE "schema_migrations"."version" = ?[0m  [["version", "20170528111434"]]
  [1m[35m (0.7ms)[0m  [1m[36mcommit transaction[0m
  [1m[36mActiveRecord::SchemaMigration Load (0.3ms)[0m  [1m[34mSELECT "schema_migrations".* FROM "schema_migrations"[0m
  [1m[35m (0.2ms)[0m  [1m[34m            SELECT sql
            FROM sqlite_master
            WHERE name='index_items_on_order_id' AND type='index'
            UNION ALL
            SELECT sql
            FROM sqlite_temp_master
            WHERE name='index_items_on_order_id' AND type='index'
[0m
  [1m[35m (0.2ms)[0m  [1m[34m            SELECT sql
            FROM sqlite_master
            WHERE name='index_items_on_product_id' AND type='index'
            UNION ALL
            SELECT sql
            FROM sqlite_temp_master
            WHERE name='index_items_on_product_id' AND type='index'
[0m
  [1m[36mActiveRecord::SchemaMigration Load (0.1ms)[0m  [1m[34mSELECT "schema_migrations".* FROM "schema_migrations"[0m
  [1m[36mActiveRecord::SchemaMigration Load (0.0ms)[0m  [1m[34mSELECT "schema_migrations".* FROM "schema_migrations"[0m
Migrating to CreateItems (20170528111358)
  [1m[35m (0.0ms)[0m  [1m[36mbegin transaction[0m
  [1m[35m (0.6ms)[0m  [1m[35mDROP TABLE "items"[0m
  [1m[35mSQL (0.2ms)[0m  [1m[31mDELETE FROM "schema_migrations" WHERE "schema_migrations"."version" = ?[0m  [["version", "20170528111358"]]
  [1m[35m (1.5ms)[0m  [1m[36mcommit transaction[0m
  [1m[36mActiveRecord::SchemaMigration Load (0.1ms)[0m  [1m[34mSELECT "schema_migrations".* FROM "schema_migrations"[0m
  [1m[36mActiveRecord::SchemaMigration Load (0.1ms)[0m  [1m[34mSELECT "schema_migrations".* FROM "schema_migrations"[0m
  [1m[36mActiveRecord::SchemaMigration Load (0.0ms)[0m  [1m[34mSELECT "schema_migrations".* FROM "schema_migrations"[0m
Migrating to CreateOrders (20170527133726)
  [1m[35m (0.1ms)[0m  [1m[36mbegin transaction[0m
  [1m[35m (0.5ms)[0m  [1m[35mDROP TABLE "orders"[0m
  [1m[35mSQL (0.3ms)[0m  [1m[31mDELETE FROM "schema_migrations" WHERE "schema_migrations"."version" = ?[0m  [["version", "20170527133726"]]
  [1m[35m (1.6ms)[0m  [1m[36mcommit transaction[0m
  [1m[36mActiveRecord::SchemaMigration Load (0.1ms)[0m  [1m[34mSELECT "schema_migrations".* FROM "schema_migrations"[0m
  [1m[36mActiveRecord::SchemaMigration Load (0.1ms)[0m  [1m[34mSELECT "schema_migrations".* FROM "schema_migrations"[0m
  [1m[36mActiveRecord::SchemaMigration Load (0.1ms)[0m  [1m[34mSELECT "schema_migrations".* FROM "schema_migrations"[0m
  [1m[36mActiveRecord::SchemaMigration Load (0.1ms)[0m  [1m[34mSELECT "schema_migrations".* FROM "schema_migrations"[0m
Migrating to CreateOrders (20170527133726)
  [1m[35m (0.1ms)[0m  [1m[36mbegin transaction[0m
  [1m[35m (0.5ms)[0m  [1m[35mCREATE TABLE "orders" ("id" INTEGER PRIMARY KEY AUTOINCREMENT NOT NULL, "receiver" varchar, "phone" varchar, "method" varchar, "pickup_date" date, "pickup_time" time, "address" varchar, "fee" integer, "lala_fee" integer, "note" text, "created_at" datetime NOT NULL, "updated_at" datetime NOT NULL)[0m
  [1m[35mSQL (1.4ms)[0m  [1m[32mINSERT INTO "schema_migrations" ("version") VALUES (?)[0m  [["version", "20170527133726"]]
  [1m[35m (3.6ms)[0m  [1m[36mcommit transaction[0m
Migrating to CreateItems (20170528111358)
  [1m[35m (0.1ms)[0m  [1m[36mbegin transaction[0m
  [1m[35m (0.6ms)[0m  [1m[35mCREATE TABLE "items" ("id" INTEGER PRIMARY KEY AUTOINCREMENT NOT NULL, "product" varchar, "price" integer, "quantity" integer, "order_id" integer, "created_at" datetime NOT NULL, "updated_at" datetime NOT NULL)[0m
  [1m[35m (0.1ms)[0m  [1m[34mselect sqlite_version(*)[0m
  [1m[35m (0.2ms)[0m  [1m[35mCREATE  INDEX "index_items_on_order_id" ON "items" ("order_id")[0m
  [1m[35mSQL (0.2ms)[0m  [1m[32mINSERT INTO "schema_migrations" ("version") VALUES (?)[0m  [["version", "20170528111358"]]
  [1m[35m (1.1ms)[0m  [1m[36mcommit transaction[0m
Migrating to CreateProducts (20170528111434)
  [1m[35m (0.1ms)[0m  [1m[36mbegin transaction[0m
  [1m[35m (0.6ms)[0m  [1m[35mCREATE TABLE "products" ("id" INTEGER PRIMARY KEY AUTOINCREMENT NOT NULL, "name_chin" varchar, "name_eng" varchar, "price" integer, "created_at" datetime NOT NULL, "updated_at" datetime NOT NULL)[0m
  [1m[35mSQL (0.2ms)[0m  [1m[32mINSERT INTO "schema_migrations" ("version") VALUES (?)[0m  [["version", "20170528111434"]]
  [1m[35m (1.2ms)[0m  [1m[36mcommit transaction[0m
  [1m[36mActiveRecord::InternalMetadata Load (0.3ms)[0m  [1m[34mSELECT  "ar_internal_metadata".* FROM "ar_internal_metadata" WHERE "ar_internal_metadata"."key" = ? LIMIT ?[0m  [["key", "environment"], ["LIMIT", 1]]
  [1m[35m (0.1ms)[0m  [1m[36mbegin transaction[0m
  [1m[35m (0.1ms)[0m  [1m[36mcommit transaction[0m
  [1m[36mActiveRecord::SchemaMigration Load (0.2ms)[0m  [1m[34mSELECT "schema_migrations".* FROM "schema_migrations"[0m
  [1m[35m (0.1ms)[0m  [1m[34m            SELECT sql
            FROM sqlite_master
            WHERE name='index_items_on_order_id' AND type='index'
            UNION ALL
            SELECT sql
            FROM sqlite_temp_master
            WHERE name='index_items_on_order_id' AND type='index'
[0m
  [1m[35m (0.1ms)[0m  [1m[36mbegin transaction[0m
  [1m[35m (0.1ms)[0m  [1m[31mrollback transaction[0m
  [1m[35m (0.3ms)[0m  [1m[36mbegin transaction[0m
DEPRECATION WARNING: Time columns will become time zone aware in Rails 5.1. This
still causes `String`s to be parsed as if they were in `Time.zone`,
and `Time`s to be converted to `Time.zone`.

To keep the old behavior, you must add the following to your initializer:

    config.active_record.time_zone_aware_types = [:datetime]

To silence this deprecation warning, add the following:

    config.active_record.time_zone_aware_types = [:datetime, :time]
 (called from irb_binding at (irb):3)
  [1m[36mOrder Load (0.1ms)[0m  [1m[34mSELECT  "orders".* FROM "orders" WHERE "orders"."id" = ? LIMIT ?[0m  [["id", 1], ["LIMIT", 1]]
  [1m[35m (0.3ms)[0m  [1m[31mrollback transaction[0m
  [1m[35m (0.1ms)[0m  [1m[36mbegin transaction[0m
  [1m[35mSQL (0.4ms)[0m  [1m[32mINSERT INTO "items" ("created_at", "updated_at") VALUES (?, ?)[0m  [["created_at", "2017-05-29 07:19:37.496027"], ["updated_at", "2017-05-29 07:19:37.496027"]]
  [1m[35m (2.7ms)[0m  [1m[36mcommit transaction[0m
  [1m[35m (0.1ms)[0m  [1m[36mbegin transaction[0m
  [1m[35m (0.1ms)[0m  [1m[31mrollback transaction[0m
DEPRECATION WARNING: Time columns will become time zone aware in Rails 5.1. This
still causes `String`s to be parsed as if they were in `Time.zone`,
and `Time`s to be converted to `Time.zone`.

To keep the old behavior, you must add the following to your initializer:

    config.active_record.time_zone_aware_types = [:datetime]

To silence this deprecation warning, add the following:

    config.active_record.time_zone_aware_types = [:datetime, :time]
 (called from irb_binding at (irb):2)
  [1m[35m (0.1ms)[0m  [1m[36mbegin transaction[0m
  [1m[35mSQL (0.4ms)[0m  [1m[32mINSERT INTO "orders" ("created_at", "updated_at") VALUES (?, ?)[0m  [["created_at", "2017-05-29 07:21:23.361501"], ["updated_at", "2017-05-29 07:21:23.361501"]]
  [1m[35m (1.1ms)[0m  [1m[36mcommit transaction[0m
  [1m[36mOrder Load (1.2ms)[0m  [1m[34mSELECT  "orders".* FROM "orders" ORDER BY "orders"."id" ASC LIMIT ?[0m  [["LIMIT", 1]]
  [1m[35m (0.5ms)[0m  [1m[36mbegin transaction[0m
  [1m[35m (0.1ms)[0m  [1m[31mrollback transaction[0m
  [1m[35m (0.1ms)[0m  [1m[36mbegin transaction[0m
  [1m[35m (0.0ms)[0m  [1m[31mrollback transaction[0m
  [1m[35m (0.0ms)[0m  [1m[36mbegin transaction[0m
  [1m[35mSQL (0.3ms)[0m  [1m[32mINSERT INTO "items" ("order_id", "created_at", "updated_at") VALUES (?, ?, ?)[0m  [["order_id", 1], ["created_at", "2017-05-29 07:21:50.243539"], ["updated_at", "2017-05-29 07:21:50.243539"]]
  [1m[35m (0.6ms)[0m  [1m[36mcommit transaction[0m
  [1m[36mItem Load (0.2ms)[0m  [1m[34mSELECT "items".* FROM "items" WHERE "items"."order_id" = ?[0m  [["order_id", 1]]
  [1m[36mItem Load (0.2ms)[0m  [1m[34mSELECT  "items".* FROM "items" ORDER BY "items"."id" ASC LIMIT ?[0m  [["LIMIT", 1]]
  [1m[35mSQL (6.5ms)[0m  [1m[31mDELETE FROM "items"[0m
  [1m[35m (0.1ms)[0m  [1m[36mbegin transaction[0m
  [1m[35m (0.1ms)[0m  [1m[31mrollback transaction[0m
  [1m[35m (0.1ms)[0m  [1m[36mbegin transaction[0m
  [1m[35mSQL (0.3ms)[0m  [1m[32mINSERT INTO "items" ("order_id", "created_at", "updated_at") VALUES (?, ?, ?)[0m  [["order_id", 1], ["created_at", "2017-05-29 07:22:15.923384"], ["updated_at", "2017-05-29 07:22:15.923384"]]
  [1m[35m (17.6ms)[0m  [1m[36mcommit transaction[0m
  [1m[35m (0.1ms)[0m  [1m[36mbegin transaction[0m
  [1m[35mSQL (0.3ms)[0m  [1m[32mINSERT INTO "items" ("order_id", "created_at", "updated_at") VALUES (?, ?, ?)[0m  [["order_id", 1], ["created_at", "2017-05-29 07:23:00.409268"], ["updated_at", "2017-05-29 07:23:00.409268"]]
  [1m[35m (2.9ms)[0m  [1m[36mcommit transaction[0m
  [1m[36mItem Load (1.6ms)[0m  [1m[34mSELECT "items".* FROM "items"[0m
  [1m[36mActiveRecord::SchemaMigration Load (0.1ms)[0m  [1m[34mSELECT "schema_migrations".* FROM "schema_migrations"[0m
  [1m[35m (0.1ms)[0m  [1m[34mSELECT "ar_internal_metadata"."value" FROM "ar_internal_metadata" WHERE "ar_internal_metadata"."key" = ?[0m  [["key", "environment"]]
  [1m[36mActiveRecord::SchemaMigration Load (0.0ms)[0m  [1m[34mSELECT "schema_migrations".* FROM "schema_migrations"[0m
  [1m[35m (0.1ms)[0m  [1m[34mSELECT "ar_internal_metadata"."value" FROM "ar_internal_metadata" WHERE "ar_internal_metadata"."key" = ?[0m  [["key", "environment"]]
  [1m[36mActiveRecord::SchemaMigration Load (0.1ms)[0m  [1m[34mSELECT "schema_migrations".* FROM "schema_migrations"[0m
  [1m[35m (0.1ms)[0m  [1m[34mSELECT "ar_internal_metadata"."value" FROM "ar_internal_metadata" WHERE "ar_internal_metadata"."key" = ?[0m  [["key", "environment"]]
DEPRECATION WARNING: Passing #original_exception is deprecated and has no effect. Exceptions will automatically capture the original exception. (called from load at /Users/Deb/.rvm/gems/ruby-2.3.1/bin/rake:22)
  [1m[36mItem Load (0.5ms)[0m  [1m[34mSELECT "items".* FROM "items"[0m
  [1m[35m (1.1ms)[0m  [1m[35mCREATE TABLE "schema_migrations" ("version" varchar NOT NULL PRIMARY KEY)[0m
  [1m[35m (1.0ms)[0m  [1m[35mCREATE TABLE "ar_internal_metadata" ("key" varchar NOT NULL PRIMARY KEY, "value" varchar, "created_at" datetime NOT NULL, "updated_at" datetime NOT NULL)[0m
  [1m[36mActiveRecord::SchemaMigration Load (0.3ms)[0m  [1m[34mSELECT "schema_migrations".* FROM "schema_migrations"[0m
Migrating to CreateOrders (20170527133726)
  [1m[35m (0.1ms)[0m  [1m[36mbegin transaction[0m
  [1m[35m (0.6ms)[0m  [1m[35mCREATE TABLE "orders" ("id" INTEGER PRIMARY KEY AUTOINCREMENT NOT NULL, "receiver" varchar, "phone" varchar, "method" varchar, "pickup_date" date, "pickup_time" time, "address" varchar, "fee" integer, "lala_fee" integer, "note" text, "created_at" datetime NOT NULL, "updated_at" datetime NOT NULL)[0m
  [1m[35mSQL (0.1ms)[0m  [1m[32mINSERT INTO "schema_migrations" ("version") VALUES (?)[0m  [["version", "20170527133726"]]
  [1m[35m (0.7ms)[0m  [1m[36mcommit transaction[0m
Migrating to CreateItems (20170528111358)
  [1m[35m (0.1ms)[0m  [1m[36mbegin transaction[0m
  [1m[35m (0.5ms)[0m  [1m[35mCREATE TABLE "items" ("id" INTEGER PRIMARY KEY AUTOINCREMENT NOT NULL, "product" varchar, "price" integer, "quantity" integer, "order_id" integer, "created_at" datetime NOT NULL, "updated_at" datetime NOT NULL)[0m
  [1m[35m (0.2ms)[0m  [1m[34mselect sqlite_version(*)[0m
  [1m[35m (0.3ms)[0m  [1m[35mCREATE  INDEX "index_items_on_order_id" ON "items" ("order_id")[0m
  [1m[35mSQL (0.2ms)[0m  [1m[32mINSERT INTO "schema_migrations" ("version") VALUES (?)[0m  [["version", "20170528111358"]]
  [1m[35m (0.6ms)[0m  [1m[36mcommit transaction[0m
Migrating to CreateProducts (20170528111434)
  [1m[35m (0.2ms)[0m  [1m[36mbegin transaction[0m
  [1m[35m (0.3ms)[0m  [1m[35mCREATE TABLE "products" ("id" INTEGER PRIMARY KEY AUTOINCREMENT NOT NULL, "name_chin" varchar, "name_eng" varchar, "price" integer, "created_at" datetime NOT NULL, "updated_at" datetime NOT NULL)[0m
  [1m[35mSQL (0.1ms)[0m  [1m[32mINSERT INTO "schema_migrations" ("version") VALUES (?)[0m  [["version", "20170528111434"]]
  [1m[35m (1.3ms)[0m  [1m[36mcommit transaction[0m
  [1m[36mActiveRecord::InternalMetadata Load (0.3ms)[0m  [1m[34mSELECT  "ar_internal_metadata".* FROM "ar_internal_metadata" WHERE "ar_internal_metadata"."key" = ? LIMIT ?[0m  [["key", "environment"], ["LIMIT", 1]]
  [1m[35m (0.1ms)[0m  [1m[36mbegin transaction[0m
  [1m[35mSQL (0.6ms)[0m  [1m[32mINSERT INTO "ar_internal_metadata" ("key", "value", "created_at", "updated_at") VALUES (?, ?, ?, ?)[0m  [["key", "environment"], ["value", "development"], ["created_at", "2017-05-29 07:26:36.087266"], ["updated_at", "2017-05-29 07:26:36.087266"]]
  [1m[35m (2.4ms)[0m  [1m[36mcommit transaction[0m
  [1m[36mActiveRecord::SchemaMigration Load (0.2ms)[0m  [1m[34mSELECT "schema_migrations".* FROM "schema_migrations"[0m
  [1m[35m (0.1ms)[0m  [1m[34m            SELECT sql
            FROM sqlite_master
            WHERE name='index_items_on_order_id' AND type='index'
            UNION ALL
            SELECT sql
            FROM sqlite_temp_master
            WHERE name='index_items_on_order_id' AND type='index'
[0m
  [1m[36mActiveRecord::SchemaMigration Load (0.1ms)[0m  [1m[34mSELECT "schema_migrations".* FROM "schema_migrations"[0m
  [1m[35m (0.2ms)[0m  [1m[34mSELECT "ar_internal_metadata"."value" FROM "ar_internal_metadata" WHERE "ar_internal_metadata"."key" = ?[0m  [["key", "environment"]]
  [1m[36mActiveRecord::SchemaMigration Load (0.1ms)[0m  [1m[34mSELECT "schema_migrations".* FROM "schema_migrations"[0m
  [1m[35m (0.1ms)[0m  [1m[34mSELECT "ar_internal_metadata"."value" FROM "ar_internal_metadata" WHERE "ar_internal_metadata"."key" = ?[0m  [["key", "environment"]]
  [1m[36mActiveRecord::SchemaMigration Load (0.1ms)[0m  [1m[34mSELECT "schema_migrations".* FROM "schema_migrations"[0m
  [1m[35m (0.1ms)[0m  [1m[34mSELECT "ar_internal_metadata"."value" FROM "ar_internal_metadata" WHERE "ar_internal_metadata"."key" = ?[0m  [["key", "environment"]]
  [1m[36mItem Load (0.6ms)[0m  [1m[34mSELECT "items".* FROM "items"[0m
  [1m[35m (2.3ms)[0m  [1m[35mCREATE TABLE "schema_migrations" ("version" varchar NOT NULL PRIMARY KEY)[0m
  [1m[35m (1.3ms)[0m  [1m[35mCREATE TABLE "ar_internal_metadata" ("key" varchar NOT NULL PRIMARY KEY, "value" varchar, "created_at" datetime NOT NULL, "updated_at" datetime NOT NULL)[0m
  [1m[36mActiveRecord::SchemaMigration Load (0.5ms)[0m  [1m[34mSELECT "schema_migrations".* FROM "schema_migrations"[0m
Migrating to CreateOrders (20170527133726)
  [1m[35m (0.1ms)[0m  [1m[36mbegin transaction[0m
  [1m[35m (1.7ms)[0m  [1m[35mCREATE TABLE "orders" ("id" INTEGER PRIMARY KEY AUTOINCREMENT NOT NULL, "receiver" varchar, "phone" varchar, "method" varchar, "pickup_date" date, "pickup_time" time, "address" varchar, "fee" integer, "lala_fee" integer, "note" text, "created_at" datetime NOT NULL, "updated_at" datetime NOT NULL)[0m
  [1m[35mSQL (0.2ms)[0m  [1m[32mINSERT INTO "schema_migrations" ("version") VALUES (?)[0m  [["version", "20170527133726"]]
  [1m[35m (1.3ms)[0m  [1m[36mcommit transaction[0m
Migrating to CreateItems (20170528111358)
  [1m[35m (0.1ms)[0m  [1m[36mbegin transaction[0m
  [1m[35m (0.3ms)[0m  [1m[35mCREATE TABLE "items" ("id" INTEGER PRIMARY KEY AUTOINCREMENT NOT NULL, "product" varchar, "price" integer, "quantity" integer, "order_id" integer, "created_at" datetime NOT NULL, "updated_at" datetime NOT NULL)[0m
  [1m[35m (0.1ms)[0m  [1m[34mselect sqlite_version(*)[0m
  [1m[35m (0.1ms)[0m  [1m[35mCREATE  INDEX "index_items_on_order_id" ON "items" ("order_id")[0m
  [1m[35mSQL (0.9ms)[0m  [1m[32mINSERT INTO "schema_migrations" ("version") VALUES (?)[0m  [["version", "20170528111358"]]
  [1m[35m (1.0ms)[0m  [1m[36mcommit transaction[0m
Migrating to CreateProducts (20170528111434)
  [1m[35m (0.1ms)[0m  [1m[36mbegin transaction[0m
  [1m[35m (0.3ms)[0m  [1m[35mCREATE TABLE "products" ("id" INTEGER PRIMARY KEY AUTOINCREMENT NOT NULL, "name_chin" varchar, "name_eng" varchar, "price" integer, "created_at" datetime NOT NULL, "updated_at" datetime NOT NULL)[0m
  [1m[35mSQL (0.5ms)[0m  [1m[32mINSERT INTO "schema_migrations" ("version") VALUES (?)[0m  [["version", "20170528111434"]]
  [1m[35m (0.8ms)[0m  [1m[36mcommit transaction[0m
  [1m[36mActiveRecord::InternalMetadata Load (0.3ms)[0m  [1m[34mSELECT  "ar_internal_metadata".* FROM "ar_internal_metadata" WHERE "ar_internal_metadata"."key" = ? LIMIT ?[0m  [["key", "environment"], ["LIMIT", 1]]
  [1m[35m (0.1ms)[0m  [1m[36mbegin transaction[0m
  [1m[35mSQL (0.3ms)[0m  [1m[32mINSERT INTO "ar_internal_metadata" ("key", "value", "created_at", "updated_at") VALUES (?, ?, ?, ?)[0m  [["key", "environment"], ["value", "development"], ["created_at", "2017-05-29 07:27:28.372472"], ["updated_at", "2017-05-29 07:27:28.372472"]]
  [1m[35m (1.5ms)[0m  [1m[36mcommit transaction[0m
  [1m[36mActiveRecord::SchemaMigration Load (0.1ms)[0m  [1m[34mSELECT "schema_migrations".* FROM "schema_migrations"[0m
  [1m[35m (0.1ms)[0m  [1m[34m            SELECT sql
            FROM sqlite_master
            WHERE name='index_items_on_order_id' AND type='index'
            UNION ALL
            SELECT sql
            FROM sqlite_temp_master
            WHERE name='index_items_on_order_id' AND type='index'
[0m
  [1m[36mItem Load (1.5ms)[0m  [1m[34mSELECT "items".* FROM "items"[0m
Started GET "/" for 127.0.0.1 at 2017-05-29 15:37:58 +0800
  [1m[36mActiveRecord::SchemaMigration Load (0.4ms)[0m  [1m[34mSELECT "schema_migrations".* FROM "schema_migrations"[0m
Processing by Rails::WelcomeController#index as HTML
  Parameters: {"internal"=>true}
  Rendering /Users/Deb/.rvm/gems/ruby-2.3.1/gems/railties-5.0.3/lib/rails/templates/rails/welcome/index.html.erb
  Rendered /Users/Deb/.rvm/gems/ruby-2.3.1/gems/railties-5.0.3/lib/rails/templates/rails/welcome/index.html.erb (26.5ms)
Completed 200 OK in 87ms (Views: 75.4ms | ActiveRecord: 0.0ms)


Started GET "/a" for 127.0.0.1 at 2017-05-29 15:38:01 +0800
  
ActionController::RoutingError (No route matches [GET] "/a"):
  
actionpack (5.0.3) lib/action_dispatch/middleware/debug_exceptions.rb:53:in `call'
web-console (3.5.1) lib/web_console/middleware.rb:135:in `call_app'
web-console (3.5.1) lib/web_console/middleware.rb:28:in `block in call'
web-console (3.5.1) lib/web_console/middleware.rb:18:in `catch'
web-console (3.5.1) lib/web_console/middleware.rb:18:in `call'
actionpack (5.0.3) lib/action_dispatch/middleware/show_exceptions.rb:31:in `call'
railties (5.0.3) lib/rails/rack/logger.rb:36:in `call_app'
railties (5.0.3) lib/rails/rack/logger.rb:24:in `block in call'
activesupport (5.0.3) lib/active_support/tagged_logging.rb:69:in `block in tagged'
activesupport (5.0.3) lib/active_support/tagged_logging.rb:26:in `tagged'
activesupport (5.0.3) lib/active_support/tagged_logging.rb:69:in `tagged'
railties (5.0.3) lib/rails/rack/logger.rb:24:in `call'
sprockets-rails (3.2.0) lib/sprockets/rails/quiet_assets.rb:13:in `call'
actionpack (5.0.3) lib/action_dispatch/middleware/request_id.rb:24:in `call'
rack (2.0.3) lib/rack/method_override.rb:22:in `call'
rack (2.0.3) lib/rack/runtime.rb:22:in `call'
activesupport (5.0.3) lib/active_support/cache/strategy/local_cache_middleware.rb:28:in `call'
actionpack (5.0.3) lib/action_dispatch/middleware/executor.rb:12:in `call'
actionpack (5.0.3) lib/action_dispatch/middleware/static.rb:136:in `call'
rack (2.0.3) lib/rack/sendfile.rb:111:in `call'
railties (5.0.3) lib/rails/engine.rb:522:in `call'
puma (3.8.2) lib/puma/configuration.rb:224:in `call'
puma (3.8.2) lib/puma/server.rb:600:in `handle_request'
puma (3.8.2) lib/puma/server.rb:435:in `process_client'
puma (3.8.2) lib/puma/server.rb:299:in `block in run'
puma (3.8.2) lib/puma/thread_pool.rb:120:in `block in spawn_thread'
  Rendering /Users/Deb/.rvm/gems/ruby-2.3.1/gems/actionpack-5.0.3/lib/action_dispatch/middleware/templates/rescues/routing_error.html.erb within rescues/layout
  Rendering /Users/Deb/.rvm/gems/ruby-2.3.1/gems/actionpack-5.0.3/lib/action_dispatch/middleware/templates/rescues/_trace.html.erb
  Rendered /Users/Deb/.rvm/gems/ruby-2.3.1/gems/actionpack-5.0.3/lib/action_dispatch/middleware/templates/rescues/_trace.html.erb (2.1ms)
  Rendered collection of /Users/Deb/.rvm/gems/ruby-2.3.1/gems/actionpack-5.0.3/lib/action_dispatch/middleware/templates/routes/_route.html.erb [24 times] (17.4ms)
  Rendered /Users/Deb/.rvm/gems/ruby-2.3.1/gems/actionpack-5.0.3/lib/action_dispatch/middleware/templates/routes/_table.html.erb (26.8ms)
  Rendering /Users/Deb/.rvm/gems/ruby-2.3.1/gems/actionpack-5.0.3/lib/action_dispatch/middleware/templates/rescues/_request_and_response.html.erb
  Rendered /Users/Deb/.rvm/gems/ruby-2.3.1/gems/actionpack-5.0.3/lib/action_dispatch/middleware/templates/rescues/_request_and_response.html.erb (1.2ms)
  Rendered /Users/Deb/.rvm/gems/ruby-2.3.1/gems/actionpack-5.0.3/lib/action_dispatch/middleware/templates/rescues/routing_error.html.erb within rescues/layout (137.6ms)
Started GET "/" for 127.0.0.1 at 2017-05-29 15:41:50 +0800
  [1m[36mActiveRecord::SchemaMigration Load (0.4ms)[0m  [1m[34mSELECT "schema_migrations".* FROM "schema_migrations"[0m
Processing by ProductsController#index as HTML
  Rendering products/index.html.erb within layouts/application
  Rendered products/index.html.erb within layouts/application (1.5ms)
Completed 200 OK in 1004ms (Views: 992.9ms | ActiveRecord: 0.0ms)


Started GET "/" for 127.0.0.1 at 2017-05-29 15:44:35 +0800
Processing by ProductsController#index as HTML
  Rendering products/index.html.erb within layouts/application
  Rendered products/index.html.erb within layouts/application (0.7ms)
Completed 200 OK in 27ms (Views: 25.4ms | ActiveRecord: 0.0ms)


Started GET "/products/new" for 127.0.0.1 at 2017-05-29 15:44:37 +0800
Processing by ProductsController#new as HTML
  Rendering products/new.html.erb within layouts/application
  Rendered products/new.html.erb within layouts/application (0.6ms)
Completed 200 OK in 81ms (Views: 52.1ms | ActiveRecord: 1.1ms)


Started GET "/products/new" for 127.0.0.1 at 2017-05-29 16:31:03 +0800
Processing by ProductsController#new as HTML
  Rendering products/new.html.erb within layouts/application
  Rendered products/new.html.erb within layouts/application (10.0ms)
Completed 200 OK in 49ms (Views: 46.2ms | ActiveRecord: 0.0ms)


Started GET "/" for 127.0.0.1 at 2017-05-29 17:04:42 +0800
Processing by ProductsController#index as HTML
  Rendering products/index.html.erb within layouts/application
  Rendered products/index.html.erb within layouts/application (0.5ms)
Completed 200 OK in 42ms (Views: 40.3ms | ActiveRecord: 0.0ms)


Started GET "/products/new" for 127.0.0.1 at 2017-05-29 17:04:51 +0800
Processing by ProductsController#new as HTML
  Rendering products/new.html.erb within layouts/application
  Rendered shared/_title.html.erb (1.1ms)
  Rendered products/new.html.erb within layouts/application (5.6ms)
Completed 200 OK in 56ms (Views: 53.6ms | ActiveRecord: 0.0ms)


Started GET "/" for 127.0.0.1 at 2017-05-29 17:04:52 +0800
Processing by ProductsController#index as HTML
  Rendering products/index.html.erb within layouts/application
  Rendered products/index.html.erb within layouts/application (0.9ms)
Completed 200 OK in 55ms (Views: 52.3ms | ActiveRecord: 0.0ms)


Started GET "/products/new" for 127.0.0.1 at 2017-05-29 17:04:53 +0800
Processing by ProductsController#new as HTML
  Rendering products/new.html.erb within layouts/application
  Rendered shared/_title.html.erb (1.0ms)
  Rendered products/new.html.erb within layouts/application (4.0ms)
Completed 200 OK in 63ms (Views: 60.6ms | ActiveRecord: 0.0ms)


Started GET "/" for 127.0.0.1 at 2017-05-29 17:04:55 +0800
Processing by ProductsController#index as HTML
  Rendering products/index.html.erb within layouts/application
  Rendered products/index.html.erb within layouts/application (1.4ms)
Completed 200 OK in 55ms (Views: 52.4ms | ActiveRecord: 0.0ms)


Started GET "/products/new" for 127.0.0.1 at 2017-05-29 18:37:20 +0800
Processing by ProductsController#new as HTML
  Rendering products/new.html.erb within layouts/application
  Rendered shared/_title.html.erb (1.1ms)
  Rendered products/new.html.erb within layouts/application (6.8ms)
Completed 200 OK in 117ms (Views: 100.0ms | ActiveRecord: 0.0ms)


Started GET "/products/new" for 127.0.0.1 at 2017-05-29 18:48:53 +0800
Processing by ProductsController#new as HTML
  Rendering products/new.html.erb within layouts/application
  Rendered shared/_title.html.erb (0.5ms)
  Rendered products/new.html.erb within layouts/application (5.9ms)
Completed 200 OK in 49ms (Views: 35.8ms | ActiveRecord: 0.7ms)


Started GET "/products/new" for 127.0.0.1 at 2017-05-29 18:49:37 +0800
Processing by ProductsController#new as HTML
  Rendering products/new.html.erb within layouts/application
  Rendered shared/_title.html.erb (0.6ms)
  Rendered products/new.html.erb within layouts/application (11.7ms)
Completed 500 Internal Server Error in 18ms (ActiveRecord: 0.0ms)


  
ActionView::Template::Error (undefined method `size' for #<Product:0x007fe084ce2860>):
     8:     <p><%= f.text_field :name_eng %></p>
     9: 
    10:     <label>產品</label>
    11:     <p><%= f.select :size, options_for_select(@size) %></p>
    12: 
    13:     <label>產品價格</label>
    14:     <p><%= f.text_field :price %></p>
  
app/views/products/new.html.erb:11:in `block in _app_views_products_new_html_erb___4163301833622966528_70301138749560'
app/views/products/new.html.erb:3:in `_app_views_products_new_html_erb___4163301833622966528_70301138749560'
  Rendering /Users/Deb/.rvm/gems/ruby-2.3.1/gems/actionpack-5.0.3/lib/action_dispatch/middleware/templates/rescues/template_error.html.erb within rescues/layout
  Rendering /Users/Deb/.rvm/gems/ruby-2.3.1/gems/actionpack-5.0.3/lib/action_dispatch/middleware/templates/rescues/_source.html.erb
  Rendered /Users/Deb/.rvm/gems/ruby-2.3.1/gems/actionpack-5.0.3/lib/action_dispatch/middleware/templates/rescues/_source.html.erb (3.7ms)
  Rendering /Users/Deb/.rvm/gems/ruby-2.3.1/gems/actionpack-5.0.3/lib/action_dispatch/middleware/templates/rescues/_trace.html.erb
  Rendered /Users/Deb/.rvm/gems/ruby-2.3.1/gems/actionpack-5.0.3/lib/action_dispatch/middleware/templates/rescues/_trace.html.erb (1.8ms)
  Rendering /Users/Deb/.rvm/gems/ruby-2.3.1/gems/actionpack-5.0.3/lib/action_dispatch/middleware/templates/rescues/_request_and_response.html.erb
  Rendered /Users/Deb/.rvm/gems/ruby-2.3.1/gems/actionpack-5.0.3/lib/action_dispatch/middleware/templates/rescues/_request_and_response.html.erb (1.2ms)
  Rendered /Users/Deb/.rvm/gems/ruby-2.3.1/gems/actionpack-5.0.3/lib/action_dispatch/middleware/templates/rescues/template_error.html.erb within rescues/layout (58.7ms)
Started GET "/products/new" for 127.0.0.1 at 2017-05-29 18:53:13 +0800
Processing by ProductsController#new as HTML
  Rendering products/new.html.erb within layouts/application
  Rendered shared/_title.html.erb (0.4ms)
  Rendered products/new.html.erb within layouts/application (7.0ms)
Completed 500 Internal Server Error in 19ms (ActiveRecord: 0.7ms)


  
ActionView::Template::Error (undefined method `size' for #<Product:0x007fe0844b73c0>):
     8:     <p><%= f.text_field :name_eng %></p>
     9: 
    10:     <!-- <label>產品尺寸</label>
    11:     <p><%= f.select :size, options_for_select(@size) %></p> -->
    12: 
    13:     <label>產品價格</label>
    14:     <p><%= f.text_field :price %></p>
  
app/views/products/new.html.erb:11:in `block in _app_views_products_new_html_erb___4163301833622966528_70301163512200'
app/views/products/new.html.erb:3:in `_app_views_products_new_html_erb___4163301833622966528_70301163512200'
  Rendering /Users/Deb/.rvm/gems/ruby-2.3.1/gems/actionpack-5.0.3/lib/action_dispatch/middleware/templates/rescues/template_error.html.erb within rescues/layout
  Rendering /Users/Deb/.rvm/gems/ruby-2.3.1/gems/actionpack-5.0.3/lib/action_dispatch/middleware/templates/rescues/_source.html.erb
  Rendered /Users/Deb/.rvm/gems/ruby-2.3.1/gems/actionpack-5.0.3/lib/action_dispatch/middleware/templates/rescues/_source.html.erb (4.6ms)
  Rendering /Users/Deb/.rvm/gems/ruby-2.3.1/gems/actionpack-5.0.3/lib/action_dispatch/middleware/templates/rescues/_trace.html.erb
  Rendered /Users/Deb/.rvm/gems/ruby-2.3.1/gems/actionpack-5.0.3/lib/action_dispatch/middleware/templates/rescues/_trace.html.erb (2.0ms)
  Rendering /Users/Deb/.rvm/gems/ruby-2.3.1/gems/actionpack-5.0.3/lib/action_dispatch/middleware/templates/rescues/_request_and_response.html.erb
  Rendered /Users/Deb/.rvm/gems/ruby-2.3.1/gems/actionpack-5.0.3/lib/action_dispatch/middleware/templates/rescues/_request_and_response.html.erb (0.9ms)
  Rendered /Users/Deb/.rvm/gems/ruby-2.3.1/gems/actionpack-5.0.3/lib/action_dispatch/middleware/templates/rescues/template_error.html.erb within rescues/layout (57.1ms)
Started GET "/products/new" for 127.0.0.1 at 2017-05-29 18:53:34 +0800
Processing by ProductsController#new as HTML
  Rendering products/new.html.erb within layouts/application
  Rendered shared/_title.html.erb (0.4ms)
  Rendered products/new.html.erb within layouts/application (2.7ms)
Completed 200 OK in 29ms (Views: 27.2ms | ActiveRecord: 0.0ms)


Started POST "/products" for 127.0.0.1 at 2017-05-29 18:54:12 +0800
Processing by ProductsController#create as HTML
  Parameters: {"utf8"=>"✓", "authenticity_token"=>"j/DRAqr/0curkHJYhvRQJJAj70o/mIMQ+xY+lGQeZW+834TyuaBW+mrZ/pTjLGw++oNQCFVcJl9fVN+hwDMo8A==", "product"=>{"name_chin"=>"提拉米蘇-六吋", "name_eng"=>"tiramisu-6inch", "price"=>"575"}, "commit"=>"新增"}
Completed 500 Internal Server Error in 2ms (ActiveRecord: 0.0ms)


  
NoMethodError (undefined method `pry' for #<Binding:0x007fe084407470>
Did you mean?  pretty_print
               pretty_inspect
               pretty_print_cycle
               try):
  
app/controllers/products_controller.rb:9:in `create'
  Rendering /Users/Deb/.rvm/gems/ruby-2.3.1/gems/actionpack-5.0.3/lib/action_dispatch/middleware/templates/rescues/diagnostics.html.erb within rescues/layout
  Rendering /Users/Deb/.rvm/gems/ruby-2.3.1/gems/actionpack-5.0.3/lib/action_dispatch/middleware/templates/rescues/_source.html.erb
  Rendered /Users/Deb/.rvm/gems/ruby-2.3.1/gems/actionpack-5.0.3/lib/action_dispatch/middleware/templates/rescues/_source.html.erb (2.6ms)
  Rendering /Users/Deb/.rvm/gems/ruby-2.3.1/gems/actionpack-5.0.3/lib/action_dispatch/middleware/templates/rescues/_trace.html.erb
  Rendered /Users/Deb/.rvm/gems/ruby-2.3.1/gems/actionpack-5.0.3/lib/action_dispatch/middleware/templates/rescues/_trace.html.erb (1.3ms)
  Rendering /Users/Deb/.rvm/gems/ruby-2.3.1/gems/actionpack-5.0.3/lib/action_dispatch/middleware/templates/rescues/_request_and_response.html.erb
  Rendered /Users/Deb/.rvm/gems/ruby-2.3.1/gems/actionpack-5.0.3/lib/action_dispatch/middleware/templates/rescues/_request_and_response.html.erb (1.1ms)
  Rendered /Users/Deb/.rvm/gems/ruby-2.3.1/gems/actionpack-5.0.3/lib/action_dispatch/middleware/templates/rescues/diagnostics.html.erb within rescues/layout (52.1ms)
Started GET "/products" for 127.0.0.1 at 2017-05-29 18:54:24 +0800
  [1m[36mActiveRecord::SchemaMigration Load (0.4ms)[0m  [1m[34mSELECT "schema_migrations".* FROM "schema_migrations"[0m
Processing by ProductsController#index as HTML
  Rendering products/index.html.erb within layouts/application
  Rendered products/index.html.erb within layouts/application (4.8ms)
Completed 200 OK in 258ms (Views: 249.0ms | ActiveRecord: 0.0ms)


Started GET "/products/new" for 127.0.0.1 at 2017-05-29 18:54:26 +0800
Processing by ProductsController#new as HTML
  Rendering products/new.html.erb within layouts/application
  Rendered shared/_title.html.erb (1.0ms)
  Rendered products/new.html.erb within layouts/application (22.0ms)
Completed 200 OK in 78ms (Views: 60.1ms | ActiveRecord: 1.5ms)


Started POST "/products" for 127.0.0.1 at 2017-05-29 18:54:33 +0800
Processing by ProductsController#create as HTML
  Parameters: {"utf8"=>"✓", "authenticity_token"=>"vSnH/Lm9BYI6LvbrbEaGvnXsvnLIVD/2eGnE0Safr5F91aZskxgHt4Bokt26LqlBncw1qTIuZqP+U4+rwlVVzg==", "product"=>{"name_chin"=>"提拉米蘇-六吋", "name_eng"=>"tiramisu-6inch", "price"=>"575"}, "commit"=>"新增"}
No template found for ProductsController#create, rendering head :no_content
Completed 204 No Content in 44067ms (ActiveRecord: 0.0ms)


Started GET "/products/new" for 127.0.0.1 at 2017-05-29 18:58:05 +0800
Started GET "/" for 127.0.0.1 at 2017-05-29 18:58:22 +0800
  [1m[36mActiveRecord::SchemaMigration Load (0.3ms)[0m  [1m[34mSELECT "schema_migrations".* FROM "schema_migrations"[0m
Processing by ProductsController#index as HTML
  Rendering products/index.html.erb within layouts/application
  Rendered products/index.html.erb within layouts/application (5.6ms)
Completed 200 OK in 261ms (Views: 250.5ms | ActiveRecord: 0.0ms)


Started GET "/products/new" for 127.0.0.1 at 2017-05-29 18:58:23 +0800
Processing by ProductsController#new as HTML
  Rendering products/new.html.erb within layouts/application
  Rendered shared/_title.html.erb (2.1ms)
  Rendered products/new.html.erb within layouts/application (23.3ms)
Completed 200 OK in 81ms (Views: 62.8ms | ActiveRecord: 0.9ms)


Started POST "/products" for 127.0.0.1 at 2017-05-29 18:58:29 +0800
Processing by ProductsController#create as HTML
  Parameters: {"utf8"=>"✓", "authenticity_token"=>"nsMWEYB3t8aM0YNni8lhLDkCv9tAv/sZIn/L+A1228BeP3eBqtK18zaX51FdoU7T0SI0ALrFokykRYCC6bwhnw==", "product"=>{"name_chin"=>"提拉米蘇-六吋", "name_eng"=>"tiramisu-6inch", "price"=>"575"}, "commit"=>"新增"}
  [1m[35m (0.2ms)[0m  [1m[36mbegin transaction[0m
  [1m[35mSQL (0.8ms)[0m  [1m[32mINSERT INTO "products" ("name_chin", "name_eng", "price", "created_at", "updated_at") VALUES (?, ?, ?, ?, ?)[0m  [["name_chin", "提拉米蘇-六吋"], ["name_eng", "tiramisu-6inch"], ["price", 575], ["created_at", "2017-05-29 10:58:29.934840"], ["updated_at", "2017-05-29 10:58:29.934840"]]
  [1m[35m (1.6ms)[0m  [1m[36mcommit transaction[0m
  [1m[35m (0.1ms)[0m  [1m[36mbegin transaction[0m
  [1m[35m (0.1ms)[0m  [1m[36mcommit transaction[0m
Redirected to 
Completed 500 Internal Server Error in 151ms (ActiveRecord: 2.8ms)


  
NoMethodError (undefined method `root_path_url' for #<ProductsController:0x007fa70f88adc0>
Did you mean?  root_path):
  
app/controllers/products_controller.rb:12:in `create'
  Rendering /Users/Deb/.rvm/gems/ruby-2.3.1/gems/actionpack-5.0.3/lib/action_dispatch/middleware/templates/rescues/diagnostics.html.erb within rescues/layout
  Rendering /Users/Deb/.rvm/gems/ruby-2.3.1/gems/actionpack-5.0.3/lib/action_dispatch/middleware/templates/rescues/_source.html.erb
  Rendered /Users/Deb/.rvm/gems/ruby-2.3.1/gems/actionpack-5.0.3/lib/action_dispatch/middleware/templates/rescues/_source.html.erb (2.5ms)
  Rendering /Users/Deb/.rvm/gems/ruby-2.3.1/gems/actionpack-5.0.3/lib/action_dispatch/middleware/templates/rescues/_trace.html.erb
  Rendered /Users/Deb/.rvm/gems/ruby-2.3.1/gems/actionpack-5.0.3/lib/action_dispatch/middleware/templates/rescues/_trace.html.erb (1.2ms)
  Rendering /Users/Deb/.rvm/gems/ruby-2.3.1/gems/actionpack-5.0.3/lib/action_dispatch/middleware/templates/rescues/_request_and_response.html.erb
  Rendered /Users/Deb/.rvm/gems/ruby-2.3.1/gems/actionpack-5.0.3/lib/action_dispatch/middleware/templates/rescues/_request_and_response.html.erb (1.3ms)
  Rendered /Users/Deb/.rvm/gems/ruby-2.3.1/gems/actionpack-5.0.3/lib/action_dispatch/middleware/templates/rescues/diagnostics.html.erb within rescues/layout (119.7ms)
Started POST "/products" for 127.0.0.1 at 2017-05-29 18:58:40 +0800
Processing by ProductsController#create as HTML
  Parameters: {"utf8"=>"✓", "authenticity_token"=>"nsMWEYB3t8aM0YNni8lhLDkCv9tAv/sZIn/L+A1228BeP3eBqtK18zaX51FdoU7T0SI0ALrFokykRYCC6bwhnw==", "product"=>{"name_chin"=>"提拉米蘇-六吋", "name_eng"=>"tiramisu-6inch", "price"=>"575"}, "commit"=>"新增"}
  [1m[35m (0.0ms)[0m  [1m[36mbegin transaction[0m
  [1m[35mSQL (0.4ms)[0m  [1m[32mINSERT INTO "products" ("name_chin", "name_eng", "price", "created_at", "updated_at") VALUES (?, ?, ?, ?, ?)[0m  [["name_chin", "提拉米蘇-六吋"], ["name_eng", "tiramisu-6inch"], ["price", 575], ["created_at", "2017-05-29 10:58:50.881874"], ["updated_at", "2017-05-29 10:58:50.881874"]]
  [1m[35m (0.8ms)[0m  [1m[36mcommit transaction[0m
  [1m[35m (0.1ms)[0m  [1m[36mbegin transaction[0m
  [1m[35m (0.1ms)[0m  [1m[36mcommit transaction[0m
Redirected to http://localhost:3000/
Completed 302 Found in 12ms (ActiveRecord: 1.8ms)


Started GET "/" for 127.0.0.1 at 2017-05-29 18:58:50 +0800
Processing by ProductsController#index as HTML
  Rendering products/index.html.erb within layouts/application
  Rendered products/index.html.erb within layouts/application (0.6ms)
Completed 200 OK in 37ms (Views: 35.1ms | ActiveRecord: 0.0ms)


  [1m[36mProduct Load (1.8ms)[0m  [1m[34mSELECT "products".* FROM "products"[0m
Started GET "/products/new" for 127.0.0.1 at 2017-05-29 19:00:07 +0800
Processing by ProductsController#new as HTML
  Rendering products/new.html.erb within layouts/application
  Rendered shared/_title.html.erb (0.5ms)
  Rendered products/new.html.erb within layouts/application (5.6ms)
Completed 200 OK in 38ms (Views: 35.2ms | ActiveRecord: 0.0ms)


Started POST "/products" for 127.0.0.1 at 2017-05-29 19:00:23 +0800
Processing by ProductsController#create as HTML
  Parameters: {"utf8"=>"✓", "authenticity_token"=>"38aPeU5qnRD/y/fBZ1iv9+s2WAN6NfNrfRkUbQKSYF4fOu7pZM+fJUWNk/exMIAIAxbT2IBPqj77I18X5liaAQ==", "product"=>{"name_chin"=>"提拉米蘇-八吋", "name_eng"=>"tiramisu-8inch", "price"=>"750"}, "commit"=>"新增"}
  [1m[35m (0.1ms)[0m  [1m[36mbegin transaction[0m
  [1m[35mSQL (0.3ms)[0m  [1m[32mINSERT INTO "products" ("name_chin", "name_eng", "price", "created_at", "updated_at") VALUES (?, ?, ?, ?, ?)[0m  [["name_chin", "提拉米蘇-八吋"], ["name_eng", "tiramisu-8inch"], ["price", 750], ["created_at", "2017-05-29 11:00:23.645160"], ["updated_at", "2017-05-29 11:00:23.645160"]]
  [1m[35m (2.0ms)[0m  [1m[36mcommit transaction[0m
  [1m[35m (0.3ms)[0m  [1m[36mbegin transaction[0m
  [1m[35m (0.6ms)[0m  [1m[36mcommit transaction[0m
Redirected to http://localhost:3000/
Completed 302 Found in 11ms (ActiveRecord: 3.3ms)


Started GET "/" for 127.0.0.1 at 2017-05-29 19:00:23 +0800
Processing by ProductsController#index as HTML
  Rendering products/index.html.erb within layouts/application
  Rendered products/index.html.erb within layouts/application (0.5ms)
Completed 200 OK in 19ms (Views: 17.9ms | ActiveRecord: 0.0ms)


  [1m[36mProduct Load (0.7ms)[0m  [1m[34mSELECT "products".* FROM "products"[0m
Started GET "/a" for 127.0.0.1 at 2017-05-29 19:53:33 +0800
  
ActionController::RoutingError (No route matches [GET] "/a"):
  
actionpack (5.0.3) lib/action_dispatch/middleware/debug_exceptions.rb:53:in `call'
web-console (3.5.1) lib/web_console/middleware.rb:135:in `call_app'
web-console (3.5.1) lib/web_console/middleware.rb:28:in `block in call'
web-console (3.5.1) lib/web_console/middleware.rb:18:in `catch'
web-console (3.5.1) lib/web_console/middleware.rb:18:in `call'
actionpack (5.0.3) lib/action_dispatch/middleware/show_exceptions.rb:31:in `call'
railties (5.0.3) lib/rails/rack/logger.rb:36:in `call_app'
railties (5.0.3) lib/rails/rack/logger.rb:24:in `block in call'
activesupport (5.0.3) lib/active_support/tagged_logging.rb:69:in `block in tagged'
activesupport (5.0.3) lib/active_support/tagged_logging.rb:26:in `tagged'
activesupport (5.0.3) lib/active_support/tagged_logging.rb:69:in `tagged'
railties (5.0.3) lib/rails/rack/logger.rb:24:in `call'
sprockets-rails (3.2.0) lib/sprockets/rails/quiet_assets.rb:13:in `call'
actionpack (5.0.3) lib/action_dispatch/middleware/request_id.rb:24:in `call'
rack (2.0.3) lib/rack/method_override.rb:22:in `call'
rack (2.0.3) lib/rack/runtime.rb:22:in `call'
activesupport (5.0.3) lib/active_support/cache/strategy/local_cache_middleware.rb:28:in `call'
actionpack (5.0.3) lib/action_dispatch/middleware/executor.rb:12:in `call'
actionpack (5.0.3) lib/action_dispatch/middleware/static.rb:136:in `call'
rack (2.0.3) lib/rack/sendfile.rb:111:in `call'
railties (5.0.3) lib/rails/engine.rb:522:in `call'
puma (3.8.2) lib/puma/configuration.rb:224:in `call'
puma (3.8.2) lib/puma/server.rb:600:in `handle_request'
puma (3.8.2) lib/puma/server.rb:435:in `process_client'
puma (3.8.2) lib/puma/server.rb:299:in `block in run'
puma (3.8.2) lib/puma/thread_pool.rb:120:in `block in spawn_thread'
  Rendering /Users/Deb/.rvm/gems/ruby-2.3.1/gems/actionpack-5.0.3/lib/action_dispatch/middleware/templates/rescues/routing_error.html.erb within rescues/layout
  Rendering /Users/Deb/.rvm/gems/ruby-2.3.1/gems/actionpack-5.0.3/lib/action_dispatch/middleware/templates/rescues/_trace.html.erb
  Rendered /Users/Deb/.rvm/gems/ruby-2.3.1/gems/actionpack-5.0.3/lib/action_dispatch/middleware/templates/rescues/_trace.html.erb (1.2ms)
  Rendered collection of /Users/Deb/.rvm/gems/ruby-2.3.1/gems/actionpack-5.0.3/lib/action_dispatch/middleware/templates/routes/_route.html.erb [25 times] (6.2ms)
  Rendered /Users/Deb/.rvm/gems/ruby-2.3.1/gems/actionpack-5.0.3/lib/action_dispatch/middleware/templates/routes/_table.html.erb (2.6ms)
  Rendering /Users/Deb/.rvm/gems/ruby-2.3.1/gems/actionpack-5.0.3/lib/action_dispatch/middleware/templates/rescues/_request_and_response.html.erb
  Rendered /Users/Deb/.rvm/gems/ruby-2.3.1/gems/actionpack-5.0.3/lib/action_dispatch/middleware/templates/rescues/_request_and_response.html.erb (1.0ms)
  Rendered /Users/Deb/.rvm/gems/ruby-2.3.1/gems/actionpack-5.0.3/lib/action_dispatch/middleware/templates/rescues/routing_error.html.erb within rescues/layout (78.3ms)
Started GET "/" for 127.0.0.1 at 2017-05-29 19:54:48 +0800
Processing by ProductsController#show as HTML
  Rendering products/show.html.erb within layouts/application
  Rendered products/show.html.erb within layouts/application (0.6ms)
Completed 200 OK in 25ms (Views: 23.8ms | ActiveRecord: 0.0ms)


Started GET "/" for 127.0.0.1 at 2017-05-29 19:55:07 +0800
Processing by ProductsController#show as HTML
  Rendering products/show.html.erb within layouts/application
  Rendered products/show.html.erb within layouts/application (0.9ms)
Completed 200 OK in 22ms (Views: 20.9ms | ActiveRecord: 0.0ms)


Started GET "/products" for 127.0.0.1 at 2017-05-29 19:55:08 +0800
Processing by ProductsController#index as HTML
  Rendering products/index.html.erb within layouts/application
  Rendered shared/_title.html.erb (2.6ms)
  [1m[36mProduct Load (0.4ms)[0m  [1m[34mSELECT "products".* FROM "products"[0m
  Rendered products/index.html.erb within layouts/application (19.0ms)
Completed 200 OK in 49ms (Views: 41.7ms | ActiveRecord: 1.2ms)


Started GET "/products" for 127.0.0.1 at 2017-05-29 20:03:23 +0800
Processing by ProductsController#index as HTML
  Rendering products/index.html.erb within layouts/application
  Rendered shared/_title.html.erb (0.4ms)
  [1m[36mProduct Load (0.3ms)[0m  [1m[34mSELECT "products".* FROM "products"[0m
  Rendered products/index.html.erb within layouts/application (8.4ms)
Completed 200 OK in 44ms (Views: 39.8ms | ActiveRecord: 0.8ms)


Started GET "/products" for 127.0.0.1 at 2017-05-29 20:03:24 +0800
Processing by ProductsController#index as HTML
  Rendering products/index.html.erb within layouts/application
  Rendered shared/_title.html.erb (0.4ms)
  [1m[36mProduct Load (0.1ms)[0m  [1m[34mSELECT "products".* FROM "products"[0m
  Rendered products/index.html.erb within layouts/application (2.8ms)
Completed 200 OK in 22ms (Views: 20.1ms | ActiveRecord: 0.1ms)


Started DELETE "/products/2" for 127.0.0.1 at 2017-05-29 20:03:28 +0800
Processing by ProductsController#destroy as HTML
  Parameters: {"authenticity_token"=>"hDTwJOKhlLO3dk4hB9+g21LuLewU86crLLH/UGl71GC3G6XU8f4TgnY/wu1iB5zBOE6Srn43AmSI8x5lzVaZ/w==", "id"=>"2"}
  [1m[36mProduct Load (0.1ms)[0m  [1m[34mSELECT  "products".* FROM "products" WHERE "products"."id" = ? LIMIT ?[0m  [["id", 2], ["LIMIT", 1]]
  [1m[35m (0.0ms)[0m  [1m[36mbegin transaction[0m
  [1m[35mSQL (0.2ms)[0m  [1m[31mDELETE FROM "products" WHERE "products"."id" = ?[0m  [["id", 2]]
  [1m[35m (0.6ms)[0m  [1m[36mcommit transaction[0m
Redirected to http://localhost:3000/
Completed 302 Found in 15ms (ActiveRecord: 1.0ms)


Started GET "/" for 127.0.0.1 at 2017-05-29 20:03:28 +0800
Processing by ProductsController#show as HTML
  Rendering products/show.html.erb within layouts/application
  Rendered products/show.html.erb within layouts/application (0.6ms)
Completed 200 OK in 22ms (Views: 20.1ms | ActiveRecord: 0.0ms)


Started GET "/products" for 127.0.0.1 at 2017-05-29 20:03:30 +0800
Processing by ProductsController#index as HTML
  Rendering products/index.html.erb within layouts/application
  Rendered shared/_title.html.erb (0.8ms)
  [1m[36mProduct Load (0.2ms)[0m  [1m[34mSELECT "products".* FROM "products"[0m
  Rendered products/index.html.erb within layouts/application (3.7ms)
Completed 200 OK in 39ms (Views: 37.4ms | ActiveRecord: 0.2ms)


  [1m[36mProduct Load (2.3ms)[0m  [1m[34mSELECT "products".* FROM "products"[0m
Started GET "/products" for 127.0.0.1 at 2017-05-29 20:19:57 +0800
Processing by ProductsController#index as HTML
  Rendering products/index.html.erb within layouts/application
  Rendered shared/_title.html.erb (0.6ms)
  [1m[36mProduct Load (0.1ms)[0m  [1m[34mSELECT "products".* FROM "products"[0m
  Rendered products/index.html.erb within layouts/application (3.4ms)
Completed 200 OK in 26ms (Views: 24.8ms | ActiveRecord: 0.1ms)


Started GET "/products/new" for 127.0.0.1 at 2017-05-29 20:19:58 +0800
Processing by ProductsController#new as HTML
  Rendering products/new.html.erb within layouts/application
  Rendered shared/_title.html.erb (0.6ms)
  Rendered products/new.html.erb within layouts/application (8.6ms)
Completed 500 Internal Server Error in 15ms (ActiveRecord: 0.0ms)


  
ActionView::Template::Error (undefined method `map' for nil:NilClass
Did you mean?  tap):
     8:     <p><%= f.text_field :name_eng %></p>
     9: 
    10:     <!-- <label>產品尺寸</label>
    11:     <p><%= f.select :price, options_for_select(@size) %></p> -->
    12: 
    13:     <label>產品價格</label>
    14:     <p><%= f.text_field :price %></p>
  
app/views/products/new.html.erb:11:in `block in _app_views_products_new_html_erb__1400753443348066451_70177699080020'
app/views/products/new.html.erb:3:in `_app_views_products_new_html_erb__1400753443348066451_70177699080020'
  Rendering /Users/Deb/.rvm/gems/ruby-2.3.1/gems/actionpack-5.0.3/lib/action_dispatch/middleware/templates/rescues/template_error.html.erb within rescues/layout
  Rendering /Users/Deb/.rvm/gems/ruby-2.3.1/gems/actionpack-5.0.3/lib/action_dispatch/middleware/templates/rescues/_source.html.erb
  Rendered /Users/Deb/.rvm/gems/ruby-2.3.1/gems/actionpack-5.0.3/lib/action_dispatch/middleware/templates/rescues/_source.html.erb (3.6ms)
  Rendering /Users/Deb/.rvm/gems/ruby-2.3.1/gems/actionpack-5.0.3/lib/action_dispatch/middleware/templates/rescues/_trace.html.erb
  Rendered /Users/Deb/.rvm/gems/ruby-2.3.1/gems/actionpack-5.0.3/lib/action_dispatch/middleware/templates/rescues/_trace.html.erb (1.9ms)
  Rendering /Users/Deb/.rvm/gems/ruby-2.3.1/gems/actionpack-5.0.3/lib/action_dispatch/middleware/templates/rescues/_request_and_response.html.erb
  Rendered /Users/Deb/.rvm/gems/ruby-2.3.1/gems/actionpack-5.0.3/lib/action_dispatch/middleware/templates/rescues/_request_and_response.html.erb (0.7ms)
  Rendered /Users/Deb/.rvm/gems/ruby-2.3.1/gems/actionpack-5.0.3/lib/action_dispatch/middleware/templates/rescues/template_error.html.erb within rescues/layout (54.1ms)
Started GET "/products/new" for 127.0.0.1 at 2017-05-29 20:20:20 +0800
Processing by ProductsController#new as HTML
  Rendering products/new.html.erb within layouts/application
  Rendered shared/_title.html.erb (0.5ms)
  Rendered products/new.html.erb within layouts/application (2.8ms)
Completed 200 OK in 25ms (Views: 22.9ms | ActiveRecord: 0.0ms)


Started POST "/products" for 127.0.0.1 at 2017-05-29 20:20:27 +0800
Processing by ProductsController#create as HTML
  Parameters: {"utf8"=>"✓", "authenticity_token"=>"MG85dVRPNyytJwQuAy/mPLDTAZwKOi0eGoH/75ZO4bADQGyFRxCwHWxuiOJm99om2nO+3mD+iFG+wx7aMmOsLw==", "product"=>{"name_chin"=>"提拉米蘇-八吋", "name_eng"=>"tiramisu-6inch", "price"=>"1234"}, "commit"=>"新增"}
  [1m[35m (0.2ms)[0m  [1m[36mbegin transaction[0m
  [1m[35mSQL (0.5ms)[0m  [1m[32mINSERT INTO "products" ("name_chin", "name_eng", "price", "created_at", "updated_at") VALUES (?, ?, ?, ?, ?)[0m  [["name_chin", "提拉米蘇-八吋"], ["name_eng", "tiramisu-6inch"], ["price", 1234], ["created_at", "2017-05-29 12:20:27.786115"], ["updated_at", "2017-05-29 12:20:27.786115"]]
  [1m[35m (1.1ms)[0m  [1m[36mcommit transaction[0m
  [1m[35m (0.1ms)[0m  [1m[36mbegin transaction[0m
  [1m[35m (0.1ms)[0m  [1m[36mcommit transaction[0m
Redirected to http://localhost:3000/
Completed 302 Found in 12ms (ActiveRecord: 2.0ms)


Started GET "/" for 127.0.0.1 at 2017-05-29 20:20:27 +0800
Processing by ProductsController#show as HTML
  Rendering products/show.html.erb within layouts/application
  Rendered products/show.html.erb within layouts/application (0.6ms)
Completed 200 OK in 22ms (Views: 19.8ms | ActiveRecord: 0.0ms)


Started GET "/products" for 127.0.0.1 at 2017-05-29 20:20:29 +0800
Processing by ProductsController#index as HTML
  Rendering products/index.html.erb within layouts/application
  Rendered shared/_title.html.erb (0.5ms)
  [1m[36mProduct Load (0.2ms)[0m  [1m[34mSELECT "products".* FROM "products"[0m
  Rendered products/index.html.erb within layouts/application (5.0ms)
Completed 200 OK in 43ms (Views: 41.3ms | ActiveRecord: 0.2ms)


Started GET "/" for 127.0.0.1 at 2017-05-29 20:24:18 +0800
Processing by OrdersController#index as HTML
  Rendering orders/index.html.erb within layouts/application
  Rendered orders/index.html.erb within layouts/application (0.5ms)
Completed 200 OK in 28ms (Views: 26.7ms | ActiveRecord: 0.0ms)


Started GET "/products" for 127.0.0.1 at 2017-05-29 20:24:19 +0800
Processing by ProductsController#index as HTML
  Rendering products/index.html.erb within layouts/application
  Rendered shared/_title.html.erb (1.6ms)
  [1m[36mProduct Load (1.2ms)[0m  [1m[34mSELECT "products".* FROM "products"[0m
  Rendered products/index.html.erb within layouts/application (21.4ms)
Completed 200 OK in 60ms (Views: 51.7ms | ActiveRecord: 2.1ms)


Started DELETE "/products/4" for 127.0.0.1 at 2017-05-29 20:25:43 +0800
Processing by ProductsController#destroy as HTML
  Parameters: {"authenticity_token"=>"n6yzzK1DtzQuq2F3WbuJj++uQxw6rtgbbNRZgCUTY4qsg+Y8vhwwBe/i7bs8Y7WVhQ78XlBqfVTIlri1gT4uFQ==", "id"=>"4"}
  [1m[36mProduct Load (0.1ms)[0m  [1m[34mSELECT  "products".* FROM "products" WHERE "products"."id" = ? LIMIT ?[0m  [["id", 4], ["LIMIT", 1]]
  [1m[35m (0.1ms)[0m  [1m[36mbegin transaction[0m
  [1m[35mSQL (0.2ms)[0m  [1m[31mDELETE FROM "products" WHERE "products"."id" = ?[0m  [["id", 4]]
  [1m[35m (2.5ms)[0m  [1m[36mcommit transaction[0m
Redirected to http://localhost:3000/
Completed 302 Found in 7ms (ActiveRecord: 3.0ms)


Started GET "/" for 127.0.0.1 at 2017-05-29 20:25:43 +0800
Processing by OrdersController#index as HTML
  Rendering orders/index.html.erb within layouts/application
  Rendered orders/index.html.erb within layouts/application (0.4ms)
Completed 200 OK in 22ms (Views: 20.7ms | ActiveRecord: 0.0ms)


Started GET "/products" for 127.0.0.1 at 2017-05-29 20:25:44 +0800
Processing by ProductsController#index as HTML
  Rendering products/index.html.erb within layouts/application
  Rendered shared/_title.html.erb (0.6ms)
  [1m[36mProduct Load (0.2ms)[0m  [1m[34mSELECT "products".* FROM "products"[0m
  Rendered products/index.html.erb within layouts/application (6.5ms)
Completed 200 OK in 41ms (Views: 39.2ms | ActiveRecord: 0.2ms)


Started GET "/" for 127.0.0.1 at 2017-05-29 20:39:43 +0800
Processing by OrdersController#index as HTML
  Rendering orders/index.html.erb within layouts/application
  Rendered orders/index.html.erb within layouts/application (0.6ms)
Completed 200 OK in 22ms (Views: 20.7ms | ActiveRecord: 0.0ms)


Started GET "/products" for 127.0.0.1 at 2017-05-29 20:39:47 +0800
Processing by ProductsController#index as HTML
  Rendering products/index.html.erb within layouts/application
  Rendered shared/_title.html.erb (2.6ms)
  [1m[36mProduct Load (0.3ms)[0m  [1m[34mSELECT "products".* FROM "products"[0m
  Rendered products/index.html.erb within layouts/application (18.7ms)
Completed 200 OK in 45ms (Views: 39.2ms | ActiveRecord: 1.3ms)


Started GET "/products/1" for 127.0.0.1 at 2017-05-29 20:39:49 +0800
Processing by ProductsController#show as HTML
  Parameters: {"id"=>"1"}
  [1m[36mProduct Load (0.2ms)[0m  [1m[34mSELECT  "products".* FROM "products" WHERE "products"."id" = ? LIMIT ?[0m  [["id", 1], ["LIMIT", 1]]
  Rendering products/show.html.erb within layouts/application
  Rendered shared/_title.html.erb (0.7ms)
  Rendered products/show.html.erb within layouts/application (12.5ms)
Completed 500 Internal Server Error in 20ms (ActiveRecord: 0.2ms)


  
ActionView::Template::Error (undefined method `name' for #<Product:0x007fa70cd38bb8>):
    3: <div>
    4:   <p>產品中文名:<%= @product.name_chin %></p>
    5: 
    6:   <p>產品英文名:<%= @product.name.eng %></p>
    7: 
    8:   <p>產品價錢:<%= @product.price %></p>
    9: </div>
  
app/views/products/show.html.erb:6:in `_app_views_products_show_html_erb___2903154398657848209_70177705806760'
  Rendering /Users/Deb/.rvm/gems/ruby-2.3.1/gems/actionpack-5.0.3/lib/action_dispatch/middleware/templates/rescues/template_error.html.erb within rescues/layout
  Rendering /Users/Deb/.rvm/gems/ruby-2.3.1/gems/actionpack-5.0.3/lib/action_dispatch/middleware/templates/rescues/_source.html.erb
  Rendered /Users/Deb/.rvm/gems/ruby-2.3.1/gems/actionpack-5.0.3/lib/action_dispatch/middleware/templates/rescues/_source.html.erb (3.7ms)
  Rendering /Users/Deb/.rvm/gems/ruby-2.3.1/gems/actionpack-5.0.3/lib/action_dispatch/middleware/templates/rescues/_trace.html.erb
  Rendered /Users/Deb/.rvm/gems/ruby-2.3.1/gems/actionpack-5.0.3/lib/action_dispatch/middleware/templates/rescues/_trace.html.erb (1.6ms)
  Rendering /Users/Deb/.rvm/gems/ruby-2.3.1/gems/actionpack-5.0.3/lib/action_dispatch/middleware/templates/rescues/_request_and_response.html.erb
  Rendered /Users/Deb/.rvm/gems/ruby-2.3.1/gems/actionpack-5.0.3/lib/action_dispatch/middleware/templates/rescues/_request_and_response.html.erb (1.1ms)
  Rendered /Users/Deb/.rvm/gems/ruby-2.3.1/gems/actionpack-5.0.3/lib/action_dispatch/middleware/templates/rescues/template_error.html.erb within rescues/layout (53.1ms)
Started GET "/products/1" for 127.0.0.1 at 2017-05-29 20:39:56 +0800
Processing by ProductsController#show as HTML
  Parameters: {"id"=>"1"}
  [1m[36mProduct Load (0.1ms)[0m  [1m[34mSELECT  "products".* FROM "products" WHERE "products"."id" = ? LIMIT ?[0m  [["id", 1], ["LIMIT", 1]]
  Rendering products/show.html.erb within layouts/application
  Rendered shared/_title.html.erb (0.7ms)
  Rendered products/show.html.erb within layouts/application (2.5ms)
Completed 200 OK in 23ms (Views: 21.1ms | ActiveRecord: 0.1ms)


Started GET "/products/1" for 127.0.0.1 at 2017-05-29 20:40:03 +0800
Processing by ProductsController#show as HTML
  Parameters: {"id"=>"1"}
  [1m[36mProduct Load (0.1ms)[0m  [1m[34mSELECT  "products".* FROM "products" WHERE "products"."id" = ? LIMIT ?[0m  [["id", 1], ["LIMIT", 1]]
  Rendering products/show.html.erb within layouts/application
  Rendered shared/_title.html.erb (0.5ms)
  Rendered products/show.html.erb within layouts/application (2.5ms)
Completed 200 OK in 23ms (Views: 20.9ms | ActiveRecord: 0.1ms)


Started GET "/" for 127.0.0.1 at 2017-05-29 20:40:05 +0800
Processing by OrdersController#index as HTML
  Rendering orders/index.html.erb within layouts/application
  Rendered orders/index.html.erb within layouts/application (1.4ms)
Completed 200 OK in 35ms (Views: 26.5ms | ActiveRecord: 0.0ms)


Started GET "/products" for 127.0.0.1 at 2017-05-29 20:40:06 +0800
Processing by ProductsController#index as HTML
  Rendering products/index.html.erb within layouts/application
  Rendered shared/_title.html.erb (0.7ms)
  [1m[36mProduct Load (0.1ms)[0m  [1m[34mSELECT "products".* FROM "products"[0m
  Rendered products/index.html.erb within layouts/application (4.4ms)
Completed 200 OK in 40ms (Views: 37.9ms | ActiveRecord: 0.1ms)


Started GET "/products" for 127.0.0.1 at 2017-05-29 20:45:11 +0800
Processing by ProductsController#index as HTML
  Rendering products/index.html.erb within layouts/application
  Rendered shared/_title.html.erb (0.7ms)
  [1m[36mProduct Load (0.1ms)[0m  [1m[34mSELECT "products".* FROM "products"[0m
  Rendered products/index.html.erb within layouts/application (3.2ms)
Completed 200 OK in 24ms (Views: 22.1ms | ActiveRecord: 0.1ms)


Started GET "/products/1/edit" for 127.0.0.1 at 2017-05-29 20:45:12 +0800
Processing by ProductsController#edit as HTML
  Parameters: {"id"=>"1"}
  [1m[36mProduct Load (0.1ms)[0m  [1m[34mSELECT  "products".* FROM "products" WHERE "products"."id" = ? LIMIT ?[0m  [["id", 1], ["LIMIT", 1]]
  Rendering products/edit.html.erb within layouts/application
  Rendered shared/_title.html.erb (0.7ms)
  Rendered products/edit.html.erb within layouts/application (203.1ms)
Completed 500 Internal Server Error in 210ms (ActiveRecord: 0.1ms)


  
ActionView::Template::Error (undefined local variable or method `f' for #<#<Class:0x007fa70cfeabb8>:0x007fa70a1b1d50>):
    3: <div>
    4:   <%= form_for @product do |product| %>
    5:     <label>產品中文名</label>
    6:     <p><%= f.text_field :name_chin %></p>
    7: 
    8:     <label>產品英文名</label>
    9:     <p><%= f.text_field :name_eng %></p>
  
app/views/products/edit.html.erb:6:in `block in _app_views_products_edit_html_erb___534443570561846738_70177698014740'
app/views/products/edit.html.erb:4:in `_app_views_products_edit_html_erb___534443570561846738_70177698014740'
  Rendering /Users/Deb/.rvm/gems/ruby-2.3.1/gems/actionpack-5.0.3/lib/action_dispatch/middleware/templates/rescues/template_error.html.erb within rescues/layout
  Rendering /Users/Deb/.rvm/gems/ruby-2.3.1/gems/actionpack-5.0.3/lib/action_dispatch/middleware/templates/rescues/_source.html.erb
  Rendered /Users/Deb/.rvm/gems/ruby-2.3.1/gems/actionpack-5.0.3/lib/action_dispatch/middleware/templates/rescues/_source.html.erb (5.3ms)
  Rendering /Users/Deb/.rvm/gems/ruby-2.3.1/gems/actionpack-5.0.3/lib/action_dispatch/middleware/templates/rescues/_trace.html.erb
  Rendered /Users/Deb/.rvm/gems/ruby-2.3.1/gems/actionpack-5.0.3/lib/action_dispatch/middleware/templates/rescues/_trace.html.erb (3.0ms)
  Rendering /Users/Deb/.rvm/gems/ruby-2.3.1/gems/actionpack-5.0.3/lib/action_dispatch/middleware/templates/rescues/_request_and_response.html.erb
  Rendered /Users/Deb/.rvm/gems/ruby-2.3.1/gems/actionpack-5.0.3/lib/action_dispatch/middleware/templates/rescues/_request_and_response.html.erb (1.0ms)
  Rendered /Users/Deb/.rvm/gems/ruby-2.3.1/gems/actionpack-5.0.3/lib/action_dispatch/middleware/templates/rescues/template_error.html.erb within rescues/layout (54.8ms)
Started GET "/products/1/edit" for 127.0.0.1 at 2017-05-29 20:45:28 +0800
Processing by ProductsController#edit as HTML
  Parameters: {"id"=>"1"}
  [1m[36mProduct Load (0.2ms)[0m  [1m[34mSELECT  "products".* FROM "products" WHERE "products"."id" = ? LIMIT ?[0m  [["id", 1], ["LIMIT", 1]]
  Rendering products/edit.html.erb within layouts/application
  Rendered shared/_title.html.erb (0.4ms)
  Rendered products/edit.html.erb within layouts/application (3.5ms)
Completed 200 OK in 34ms (Views: 30.8ms | ActiveRecord: 0.2ms)


Started GET "/products/1/edit" for 127.0.0.1 at 2017-05-29 20:48:21 +0800
Processing by ProductsController#edit as HTML
  Parameters: {"id"=>"1"}
  [1m[36mProduct Load (0.1ms)[0m  [1m[34mSELECT  "products".* FROM "products" WHERE "products"."id" = ? LIMIT ?[0m  [["id", 1], ["LIMIT", 1]]
  Rendering products/edit.html.erb within layouts/application
  Rendered shared/_title.html.erb (0.5ms)
  Rendered products/edit.html.erb within layouts/application (3.0ms)
Completed 200 OK in 32ms (Views: 21.7ms | ActiveRecord: 1.1ms)


Started PATCH "/products/1" for 127.0.0.1 at 2017-05-29 20:48:25 +0800
Processing by ProductsController#update as HTML
  Parameters: {"utf8"=>"✓", "authenticity_token"=>"psMgWi9pYbxzflUlZj09v3Vau0uawpMdMDQL0M8ksO+V7HWqPDbmjbI32ekD5QGlH/oECfAGNlKUdurlawn9cA==", "product"=>{"name_chin"=>"提拉米蘇-六吋123", "name_eng"=>"tiramisu-6inch", "price"=>"575"}, "commit"=>"修改", "id"=>"1"}
  [1m[36mProduct Load (0.1ms)[0m  [1m[34mSELECT  "products".* FROM "products" WHERE "products"."id" = ? LIMIT ?[0m  [["id", 1], ["LIMIT", 1]]
  [1m[35m (0.1ms)[0m  [1m[36mbegin transaction[0m
  [1m[35mSQL (0.3ms)[0m  [1m[33mUPDATE "products" SET "name_chin" = ?, "updated_at" = ? WHERE "products"."id" = ?[0m  [["name_chin", "提拉米蘇-六吋123"], ["updated_at", "2017-05-29 12:48:25.655629"], ["id", 1]]
  [1m[35m (2.4ms)[0m  [1m[36mcommit transaction[0m
Redirected to http://localhost:3000/products
Completed 302 Found in 11ms (ActiveRecord: 2.9ms)


Started GET "/products" for 127.0.0.1 at 2017-05-29 20:48:25 +0800
Processing by ProductsController#index as HTML
  Rendering products/index.html.erb within layouts/application
  Rendered shared/_title.html.erb (0.8ms)
  [1m[36mProduct Load (0.3ms)[0m  [1m[34mSELECT "products".* FROM "products"[0m
  Rendered products/index.html.erb within layouts/application (5.4ms)
Completed 200 OK in 29ms (Views: 27.4ms | ActiveRecord: 0.3ms)


Started GET "/products/1" for 127.0.0.1 at 2017-05-29 20:48:28 +0800
Processing by ProductsController#show as HTML
  Parameters: {"id"=>"1"}
  [1m[36mProduct Load (0.1ms)[0m  [1m[34mSELECT  "products".* FROM "products" WHERE "products"."id" = ? LIMIT ?[0m  [["id", 1], ["LIMIT", 1]]
  Rendering products/show.html.erb within layouts/application
  Rendered shared/_title.html.erb (0.6ms)
  Rendered products/show.html.erb within layouts/application (2.5ms)
Completed 200 OK in 39ms (Views: 36.5ms | ActiveRecord: 0.1ms)


Started GET "/" for 127.0.0.1 at 2017-05-29 20:48:30 +0800
Processing by OrdersController#index as HTML
  Rendering orders/index.html.erb within layouts/application
  Rendered orders/index.html.erb within layouts/application (1.5ms)
Completed 200 OK in 31ms (Views: 28.3ms | ActiveRecord: 0.0ms)


Started GET "/products" for 127.0.0.1 at 2017-05-29 20:48:31 +0800
Processing by ProductsController#index as HTML
  Rendering products/index.html.erb within layouts/application
  Rendered shared/_title.html.erb (0.9ms)
  [1m[36mProduct Load (0.1ms)[0m  [1m[34mSELECT "products".* FROM "products"[0m
  Rendered products/index.html.erb within layouts/application (4.7ms)
Completed 200 OK in 47ms (Views: 44.3ms | ActiveRecord: 0.1ms)


Started GET "/products/1/edit" for 127.0.0.1 at 2017-05-29 20:48:32 +0800
Processing by ProductsController#edit as HTML
  Parameters: {"id"=>"1"}
  [1m[36mProduct Load (0.1ms)[0m  [1m[34mSELECT  "products".* FROM "products" WHERE "products"."id" = ? LIMIT ?[0m  [["id", 1], ["LIMIT", 1]]
  Rendering products/edit.html.erb within layouts/application
  Rendered shared/_title.html.erb (0.6ms)
  Rendered products/edit.html.erb within layouts/application (4.0ms)
Completed 200 OK in 41ms (Views: 38.2ms | ActiveRecord: 0.1ms)


Started PATCH "/products/1" for 127.0.0.1 at 2017-05-29 20:48:35 +0800
Processing by ProductsController#update as HTML
  Parameters: {"utf8"=>"✓", "authenticity_token"=>"C/Nj9cg1daKRfV9dS56Z5JgEZOfVDG/XgRJov2dCfBiDH4BnodDeGhwYiaNO8wYkh23cTVx2+ZWU7zoN8VkmRg==", "product"=>{"name_chin"=>"提拉米蘇-六吋123", "name_eng"=>"tiramisu-6inch123", "price"=>"575123"}, "commit"=>"修改", "id"=>"1"}
  [1m[36mProduct Load (0.3ms)[0m  [1m[34mSELECT  "products".* FROM "products" WHERE "products"."id" = ? LIMIT ?[0m  [["id", 1], ["LIMIT", 1]]
  [1m[35m (0.1ms)[0m  [1m[36mbegin transaction[0m
  [1m[35mSQL (0.3ms)[0m  [1m[33mUPDATE "products" SET "name_eng" = ?, "price" = ?, "updated_at" = ? WHERE "products"."id" = ?[0m  [["name_eng", "tiramisu-6inch123"], ["price", 575123], ["updated_at", "2017-05-29 12:48:35.710430"], ["id", 1]]
  [1m[35m (0.6ms)[0m  [1m[36mcommit transaction[0m
Redirected to http://localhost:3000/products
Completed 302 Found in 7ms (ActiveRecord: 1.2ms)


Started GET "/products" for 127.0.0.1 at 2017-05-29 20:48:35 +0800
Processing by ProductsController#index as HTML
  Rendering products/index.html.erb within layouts/application
  Rendered shared/_title.html.erb (0.5ms)
  [1m[36mProduct Load (0.2ms)[0m  [1m[34mSELECT "products".* FROM "products"[0m
  Rendered products/index.html.erb within layouts/application (3.3ms)
Completed 200 OK in 27ms (Views: 25.2ms | ActiveRecord: 0.2ms)


Started GET "/products/1" for 127.0.0.1 at 2017-05-29 20:48:37 +0800
Processing by ProductsController#show as HTML
  Parameters: {"id"=>"1"}
  [1m[36mProduct Load (0.1ms)[0m  [1m[34mSELECT  "products".* FROM "products" WHERE "products"."id" = ? LIMIT ?[0m  [["id", 1], ["LIMIT", 1]]
  Rendering products/show.html.erb within layouts/application
  Rendered shared/_title.html.erb (0.7ms)
  Rendered products/show.html.erb within layouts/application (2.4ms)
Completed 200 OK in 45ms (Views: 42.5ms | ActiveRecord: 0.1ms)


Started GET "/" for 127.0.0.1 at 2017-05-29 20:48:39 +0800
Processing by OrdersController#index as HTML
  Rendering orders/index.html.erb within layouts/application
  Rendered orders/index.html.erb within layouts/application (0.9ms)
Completed 200 OK in 27ms (Views: 24.5ms | ActiveRecord: 0.0ms)


Started GET "/products" for 127.0.0.1 at 2017-05-29 20:48:40 +0800
Processing by ProductsController#index as HTML
  Rendering products/index.html.erb within layouts/application
  Rendered shared/_title.html.erb (0.7ms)
  [1m[36mProduct Load (0.1ms)[0m  [1m[34mSELECT "products".* FROM "products"[0m
  Rendered products/index.html.erb within layouts/application (4.1ms)
Completed 200 OK in 44ms (Views: 41.5ms | ActiveRecord: 0.1ms)


Started GET "/products/1/edit" for 127.0.0.1 at 2017-05-29 20:48:41 +0800
Processing by ProductsController#edit as HTML
  Parameters: {"id"=>"1"}
  [1m[36mProduct Load (0.1ms)[0m  [1m[34mSELECT  "products".* FROM "products" WHERE "products"."id" = ? LIMIT ?[0m  [["id", 1], ["LIMIT", 1]]
  Rendering products/edit.html.erb within layouts/application
  Rendered shared/_title.html.erb (0.9ms)
  Rendered products/edit.html.erb within layouts/application (4.5ms)
Completed 200 OK in 35ms (Views: 32.0ms | ActiveRecord: 0.1ms)


Started PATCH "/products/1" for 127.0.0.1 at 2017-05-29 20:48:50 +0800
Processing by ProductsController#update as HTML
  Parameters: {"utf8"=>"✓", "authenticity_token"=>"kL3oIQm2Oq8PSgl9yJTHlcH6F9bWzO8uGxXXhfONwigYUQuzYFORF4Iv34PN+VhV3pOvfF+2eWwO6IU3ZZaYdg==", "product"=>{"name_chin"=>"提拉米蘇-六吋", "name_eng"=>"tiramisu-6inch", "price"=>"575"}, "commit"=>"修改", "id"=>"1"}
  [1m[36mProduct Load (0.2ms)[0m  [1m[34mSELECT  "products".* FROM "products" WHERE "products"."id" = ? LIMIT ?[0m  [["id", 1], ["LIMIT", 1]]
  [1m[35m (0.1ms)[0m  [1m[36mbegin transaction[0m
  [1m[35mSQL (0.8ms)[0m  [1m[33mUPDATE "products" SET "name_chin" = ?, "name_eng" = ?, "price" = ?, "updated_at" = ? WHERE "products"."id" = ?[0m  [["name_chin", "提拉米蘇-六吋"], ["name_eng", "tiramisu-6inch"], ["price", 575], ["updated_at", "2017-05-29 12:48:50.314884"], ["id", 1]]
  [1m[35m (0.8ms)[0m  [1m[36mcommit transaction[0m
Redirected to http://localhost:3000/products
Completed 302 Found in 10ms (ActiveRecord: 1.8ms)


Started GET "/products" for 127.0.0.1 at 2017-05-29 20:48:50 +0800
Processing by ProductsController#index as HTML
  Rendering products/index.html.erb within layouts/application
  Rendered shared/_title.html.erb (0.4ms)
  [1m[36mProduct Load (0.1ms)[0m  [1m[34mSELECT "products".* FROM "products"[0m
  Rendered products/index.html.erb within layouts/application (2.9ms)
Completed 200 OK in 26ms (Views: 24.3ms | ActiveRecord: 0.1ms)


